GmailLogin/app/build/intermediates/manifest_merge_blame_file/debug/manifest-merger-blame-debug-report.txt
1<?xml version="1.0" encoding="utf-8"?>
2<manifest xmlns:android="http://schemas.android.com/apk/res/android"
3    package="com.example.gmaillogin"
4    android:versionCode="1"
5    android:versionName="1.0" >
6
7    <uses-sdk
8        android:minSdkVersion="21"
8-->src/main/AndroidManifest.xml
9        android:targetSdkVersion="29" />
9-->src/main/AndroidManifest.xml
10
11    <application
11-->src/main/AndroidManifest.xml:5:5-19:19
12        android:allowBackup="true"
12-->src/main/AndroidManifest.xml:6:9-35
13        android:appComponentFactory="androidx.core.app.CoreComponentFactory"
13-->[androidx.core:core:1.3.1] AndroidManifest.xml:24:18-86
14        android:debuggable="true"
15        android:icon="@mipmap/ic_launcher"
15-->src/main/AndroidManifest.xml:7:9-43
16        android:label="@string/app_name"
16-->src/main/AndroidManifest.xml:8:9-41
17        android:roundIcon="@mipmap/ic_launcher_round"
17-->src/main/AndroidManifest.xml:9:9-54
18        android:supportsRtl="true"
18-->src/main/AndroidManifest.xml:10:9-35
19        android:theme="@style/AppTheme" >
19-->src/main/AndroidManifest.xml:11:9-40
20        <activity android:name="com.example.gmaillogin.MainActivity" >
20-->src/main/AndroidManifest.xml:12:9-18:20
20-->src/main/AndroidManifest.xml:12:19-47
21            <intent-filter>
21-->src/main/AndroidManifest.xml:13:13-17:29
22                <action android:name="android.intent.action.MAIN" />
22-->src/main/AndroidManifest.xml:14:17-69
22-->src/main/AndroidManifest.xml:14:25-66
23
24                <category android:name="android.intent.category.LAUNCHER" />
24-->src/main/AndroidManifest.xml:16:17-77
24-->src/main/AndroidManifest.xml:16:27-74
25            </intent-filter>
26        </activity>
27        <activity
27-->[com.google.android.gms:play-services-auth:18.1.0] AndroidManifest.xml:23:9-27:75
28            android:name="com.google.android.gms.auth.api.signin.internal.SignInHubActivity"
28-->[com.google.android.gms:play-services-auth:18.1.0] AndroidManifest.xml:24:13-93
29            android:excludeFromRecents="true"
29-->[com.google.android.gms:play-services-auth:18.1.0] AndroidManifest.xml:25:13-46
30            android:exported="false"
30-->[com.google.android.gms:play-services-auth:18.1.0] AndroidManifest.xml:26:13-37
31            android:theme="@android:style/Theme.Translucent.NoTitleBar" />
31-->[com.google.android.gms:play-services-auth:18.1.0] AndroidManifest.xml:27:13-72
32        <!--
33            Service handling Google Sign-In user revocation. For apps that do not integrate with
34            Google Sign-In, this service will never be started.
35        -->
36        <service
36-->[com.google.android.gms:play-services-auth:18.1.0] AndroidManifest.xml:33:9-37:51
37            android:name="com.google.android.gms.auth.api.signin.RevocationBoundService"
37-->[com.google.android.gms:play-services-auth:18.1.0] AndroidManifest.xml:34:13-89
38            android:exported="true"
38-->[com.google.android.gms:play-services-auth:18.1.0] AndroidManifest.xml:35:13-36
39            android:permission="com.google.android.gms.auth.api.signin.permission.REVOCATION_NOTIFICATION"
39-->[com.google.android.gms:play-services-auth:18.1.0] AndroidManifest.xml:36:13-107
40            android:visibleToInstantApps="true" />
40-->[com.google.android.gms:play-services-auth:18.1.0] AndroidManifest.xml:37:13-48
41
42        <activity
42-->[com.google.android.gms:play-services-base:17.1.0] AndroidManifest.xml:23:9-26:75
43            android:name="com.google.android.gms.common.api.GoogleApiActivity"
43-->[com.google.android.gms:play-services-base:17.1.0] AndroidManifest.xml:24:13-79
44            android:exported="false"
44-->[com.google.android.gms:play-services-base:17.1.0] AndroidManifest.xml:25:13-37
45            android:theme="@android:style/Theme.Translucent.NoTitleBar" />
45-->[com.google.android.gms:play-services-base:17.1.0] AndroidManifest.xml:26:13-72
46
47        <meta-data
47-->[com.google.android.gms:play-services-basement:17.1.1] AndroidManifest.xml:23:9-25:69
48            android:name="com.google.android.gms.version"
48-->[com.google.android.gms:play-services-basement:17.1.1] AndroidManifest.xml:24:13-58
49            android:value="@integer/google_play_services_version" />
49-->[com.google.android.gms:play-services-basement:17.1.1] AndroidManifest.xml:25:13-66
50    </application>
51
52</manifest>